2026-03-04 22:34:15,816 persona_steering INFO Found 80 persona x trait pairs
2026-03-04 22:34:15,816 persona_steering INFO Computing vector for con_artist/assertiveness...
2026-03-04 22:36:12,505 persona_steering INFO   Saved con_artist_assertiveness.pt: shape [46, 4608], norm range [nan, nan], n_pos=525, n_neg=525
2026-03-04 22:36:12,509 persona_steering INFO Computing vector for con_artist/confidence...
2026-03-04 22:36:46,489 persona_steering INFO   Saved con_artist_confidence.pt: shape [46, 4608], norm range [nan, nan], n_pos=525, n_neg=525
2026-03-04 22:36:46,505 persona_steering INFO Computing vector for con_artist/deference...
2026-03-04 22:37:14,305 persona_steering INFO   Saved con_artist_deference.pt: shape [46, 4608], norm range [nan, nan], n_pos=525, n_neg=525
2026-03-04 22:37:14,307 persona_steering INFO Computing vector for con_artist/empathy...
2026-03-04 22:37:35,805 persona_steering INFO   Saved con_artist_empathy.pt: shape [46, 4608], norm range [nan, nan], n_pos=545, n_neg=545
2026-03-04 22:37:35,807 persona_steering INFO Computing vector for con_artist/honesty...
2026-03-04 22:38:17,133 persona_steering INFO   Saved con_artist_honesty.pt: shape [46, 4608], norm range [nan, nan], n_pos=525, n_neg=525
2026-03-04 22:38:17,138 persona_steering INFO Computing vector for con_artist/impulsivity...
2026-03-04 22:38:41,851 persona_steering INFO   Saved con_artist_impulsivity.pt: shape [46, 4608], norm range [nan, nan], n_pos=520, n_neg=520
2026-03-04 22:38:41,851 persona_steering INFO Computing vector for con_artist/warmth...
2026-03-04 22:39:19,727 persona_steering INFO   Saved con_artist_warmth.pt: shape [46, 4608], norm range [nan, nan], n_pos=545, n_neg=545
2026-03-04 22:39:19,730 persona_steering INFO Computing vector for con_artist_risk/taking...
2026-03-04 22:39:44,104 persona_steering INFO   Saved con_artist_risk_taking.pt: shape [46, 4608], norm range [nan, nan], n_pos=535, n_neg=535
2026-03-04 22:39:44,104 persona_steering INFO Computing vector for drill_sergeant/assertiveness...
2026-03-04 22:39:53,575 persona_steering INFO   Saved drill_sergeant_assertiveness.pt: shape [46, 4608], norm range [nan, nan], n_pos=525, n_neg=525
2026-03-04 22:39:53,579 persona_steering INFO Computing vector for drill_sergeant/confidence...
2026-03-04 22:40:15,684 persona_steering INFO   Saved drill_sergeant_confidence.pt: shape [46, 4608], norm range [nan, nan], n_pos=525, n_neg=525
2026-03-04 22:40:15,684 persona_steering INFO Computing vector for drill_sergeant/deference...
2026-03-04 22:40:23,005 persona_steering INFO   Saved drill_sergeant_deference.pt: shape [46, 4608], norm range [nan, nan], n_pos=525, n_neg=525
2026-03-04 22:40:23,007 persona_steering INFO Computing vector for drill_sergeant/empathy...
2026-03-04 22:40:30,082 persona_steering INFO   Saved drill_sergeant_empathy.pt: shape [46, 4608], norm range [nan, nan], n_pos=545, n_neg=545
2026-03-04 22:40:30,083 persona_steering INFO Computing vector for drill_sergeant/honesty...
2026-03-04 22:40:39,589 persona_steering INFO   Saved drill_sergeant_honesty.pt: shape [46, 4608], norm range [nan, nan], n_pos=525, n_neg=525
2026-03-04 22:40:39,590 persona_steering INFO Computing vector for drill_sergeant/impulsivity...
2026-03-04 22:40:46,915 persona_steering INFO   Saved drill_sergeant_impulsivity.pt: shape [46, 4608], norm range [nan, nan], n_pos=520, n_neg=520
2026-03-04 22:40:46,918 persona_steering INFO Computing vector for drill_sergeant/warmth...
2026-03-04 22:41:23,809 persona_steering INFO   Saved drill_sergeant_warmth.pt: shape [46, 4608], norm range [nan, nan], n_pos=545, n_neg=545
2026-03-04 22:41:23,813 persona_steering INFO Computing vector for drill_sergeant_risk/taking...
2026-03-04 22:41:38,421 persona_steering INFO   Saved drill_sergeant_risk_taking.pt: shape [46, 4608], norm range [nan, nan], n_pos=535, n_neg=535
2026-03-04 22:41:38,421 persona_steering INFO Computing vector for farmer/assertiveness...
2026-03-04 22:41:47,365 persona_steering INFO   Saved farmer_assertiveness.pt: shape [46, 4608], norm range [nan, nan], n_pos=525, n_neg=525
2026-03-04 22:41:47,366 persona_steering INFO Computing vector for farmer/confidence...
2026-03-04 22:42:03,091 persona_steering INFO   Saved farmer_confidence.pt: shape [46, 4608], norm range [nan, nan], n_pos=525, n_neg=525
2026-03-04 22:42:03,096 persona_steering INFO Computing vector for farmer/deference...
2026-03-04 22:42:12,187 persona_steering INFO   Saved farmer_deference.pt: shape [46, 4608], norm range [nan, nan], n_pos=525, n_neg=525
2026-03-04 22:42:12,188 persona_steering INFO Computing vector for farmer/empathy...
2026-03-04 22:42:19,590 persona_steering INFO   Saved farmer_empathy.pt: shape [46, 4608], norm range [nan, nan], n_pos=545, n_neg=545
2026-03-04 22:42:19,593 persona_steering INFO Computing vector for farmer/honesty...
2026-03-04 22:42:24,885 persona_steering INFO   Saved farmer_honesty.pt: shape [46, 4608], norm range [nan, nan], n_pos=525, n_neg=525
2026-03-04 22:42:24,888 persona_steering INFO Computing vector for farmer/impulsivity...
2026-03-04 22:42:29,479 persona_steering INFO   Saved farmer_impulsivity.pt: shape [46, 4608], norm range [nan, nan], n_pos=520, n_neg=520
2026-03-04 22:42:29,480 persona_steering INFO Computing vector for farmer/warmth...
2026-03-04 22:42:34,479 persona_steering INFO   Saved farmer_warmth.pt: shape [46, 4608], norm range [nan, nan], n_pos=545, n_neg=545
2026-03-04 22:42:34,482 persona_steering INFO Computing vector for farmer_risk/taking...
2026-03-04 22:42:40,190 persona_steering INFO   Saved farmer_risk_taking.pt: shape [46, 4608], norm range [nan, nan], n_pos=535, n_neg=535
2026-03-04 22:42:40,191 persona_steering INFO Computing vector for kindergarten_teacher/assertiveness...
2026-03-04 22:42:46,072 persona_steering INFO   Saved kindergarten_teacher_assertiveness.pt: shape [46, 4608], norm range [nan, nan], n_pos=525, n_neg=525
2026-03-04 22:42:46,076 persona_steering INFO Computing vector for kindergarten_teacher/confidence...
2026-03-04 22:42:53,494 persona_steering INFO   Saved kindergarten_teacher_confidence.pt: shape [46, 4608], norm range [nan, nan], n_pos=525, n_neg=525
2026-03-04 22:42:53,494 persona_steering INFO Computing vector for kindergarten_teacher/deference...
2026-03-04 22:43:03,178 persona_steering INFO   Saved kindergarten_teacher_deference.pt: shape [46, 4608], norm range [nan, nan], n_pos=525, n_neg=525
2026-03-04 22:43:03,184 persona_steering INFO Computing vector for kindergarten_teacher/empathy...
2026-03-04 22:43:12,490 persona_steering INFO   Saved kindergarten_teacher_empathy.pt: shape [46, 4608], norm range [nan, nan], n_pos=545, n_neg=545
2026-03-04 22:43:12,491 persona_steering INFO Computing vector for kindergarten_teacher/honesty...
2026-03-04 22:43:17,490 persona_steering INFO   Saved kindergarten_teacher_honesty.pt: shape [46, 4608], norm range [nan, nan], n_pos=525, n_neg=525
2026-03-04 22:43:17,491 persona_steering INFO Computing vector for kindergarten_teacher/impulsivity...
2026-03-04 22:43:23,083 persona_steering INFO   Saved kindergarten_teacher_impulsivity.pt: shape [46, 4608], norm range [nan, nan], n_pos=520, n_neg=520
2026-03-04 22:43:23,086 persona_steering INFO Computing vector for kindergarten_teacher/warmth...
2026-03-04 22:43:30,378 persona_steering INFO   Saved kindergarten_teacher_warmth.pt: shape [46, 4608], norm range [nan, nan], n_pos=545, n_neg=545
2026-03-04 22:43:30,378 persona_steering INFO Computing vector for kindergarten_teacher_risk/taking...
2026-03-04 22:43:37,683 persona_steering INFO   Saved kindergarten_teacher_risk_taking.pt: shape [46, 4608], norm range [nan, nan], n_pos=535, n_neg=535
2026-03-04 22:43:37,686 persona_steering INFO Computing vector for politician/assertiveness...
2026-03-04 22:43:47,108 persona_steering INFO   Saved politician_assertiveness.pt: shape [46, 4608], norm range [nan, nan], n_pos=525, n_neg=525
2026-03-04 22:43:47,108 persona_steering INFO Computing vector for politician/confidence...
2026-03-04 22:43:53,384 persona_steering INFO   Saved politician_confidence.pt: shape [46, 4608], norm range [nan, nan], n_pos=525, n_neg=525
2026-03-04 22:43:53,387 persona_steering INFO Computing vector for politician/deference...
2026-03-04 22:44:02,291 persona_steering INFO   Saved politician_deference.pt: shape [46, 4608], norm range [nan, nan], n_pos=525, n_neg=525
2026-03-04 22:44:02,292 persona_steering INFO Computing vector for politician/empathy...
2026-03-04 22:44:10,573 persona_steering INFO   Saved politician_empathy.pt: shape [46, 4608], norm range [nan, nan], n_pos=545, n_neg=545
2026-03-04 22:44:10,577 persona_steering INFO Computing vector for politician/honesty...
2026-03-04 22:44:15,281 persona_steering INFO   Saved politician_honesty.pt: shape [46, 4608], norm range [nan, nan], n_pos=525, n_neg=525
2026-03-04 22:44:15,282 persona_steering INFO Computing vector for politician/impulsivity...
2026-03-04 22:44:21,180 persona_steering INFO   Saved politician_impulsivity.pt: shape [46, 4608], norm range [nan, nan], n_pos=520, n_neg=520
2026-03-04 22:44:21,183 persona_steering INFO Computing vector for politician/warmth...
2026-03-04 22:44:28,786 persona_steering INFO   Saved politician_warmth.pt: shape [46, 4608], norm range [nan, nan], n_pos=545, n_neg=545
2026-03-04 22:44:28,786 persona_steering INFO Computing vector for politician_risk/taking...
2026-03-04 22:44:34,869 persona_steering INFO   Saved politician_risk_taking.pt: shape [46, 4608], norm range [nan, nan], n_pos=535, n_neg=535
2026-03-04 22:44:34,869 persona_steering INFO Computing vector for professor/assertiveness...
2026-03-04 22:44:40,378 persona_steering INFO   Saved professor_assertiveness.pt: shape [46, 4608], norm range [nan, nan], n_pos=525, n_neg=525
2026-03-04 22:44:40,379 persona_steering INFO Computing vector for professor/confidence...
2026-03-04 22:44:46,083 persona_steering INFO   Saved professor_confidence.pt: shape [46, 4608], norm range [nan, nan], n_pos=525, n_neg=525
2026-03-04 22:44:46,083 persona_steering INFO Computing vector for professor/deference...
2026-03-04 22:44:50,782 persona_steering INFO   Saved professor_deference.pt: shape [46, 4608], norm range [nan, nan], n_pos=525, n_neg=525
2026-03-04 22:44:50,782 persona_steering INFO Computing vector for professor/empathy...
2026-03-04 22:44:58,876 persona_steering INFO   Saved professor_empathy.pt: shape [46, 4608], norm range [nan, nan], n_pos=545, n_neg=545
2026-03-04 22:44:58,879 persona_steering INFO Computing vector for professor/honesty...
2026-03-04 22:45:12,088 persona_steering INFO   Saved professor_honesty.pt: shape [46, 4608], norm range [nan, nan], n_pos=525, n_neg=525
2026-03-04 22:45:12,089 persona_steering INFO Computing vector for professor/impulsivity...
2026-03-04 22:45:18,605 persona_steering INFO   Saved professor_impulsivity.pt: shape [46, 4608], norm range [nan, nan], n_pos=520, n_neg=520
2026-03-04 22:45:18,608 persona_steering INFO Computing vector for professor/warmth...
2026-03-04 22:45:25,876 persona_steering INFO   Saved professor_warmth.pt: shape [46, 4608], norm range [nan, nan], n_pos=545, n_neg=545
2026-03-04 22:45:25,876 persona_steering INFO Computing vector for professor_risk/taking...
2026-03-04 22:45:34,680 persona_steering INFO   Saved professor_risk_taking.pt: shape [46, 4608], norm range [nan, nan], n_pos=535, n_neg=535
2026-03-04 22:45:34,683 persona_steering INFO Computing vector for street_hustler/assertiveness...
2026-03-04 22:45:41,176 persona_steering INFO   Saved street_hustler_assertiveness.pt: shape [46, 4608], norm range [nan, nan], n_pos=525, n_neg=525
2026-03-04 22:45:41,177 persona_steering INFO Computing vector for street_hustler/confidence...
2026-03-04 22:45:48,687 persona_steering INFO   Saved street_hustler_confidence.pt: shape [46, 4608], norm range [nan, nan], n_pos=525, n_neg=525
2026-03-04 22:45:48,687 persona_steering INFO Computing vector for street_hustler/deference...
2026-03-04 22:45:53,408 persona_steering INFO   Saved street_hustler_deference.pt: shape [46, 4608], norm range [nan, nan], n_pos=525, n_neg=525
2026-03-04 22:45:53,408 persona_steering INFO Computing vector for street_hustler/empathy...
2026-03-04 22:45:59,978 persona_steering INFO   Saved street_hustler_empathy.pt: shape [46, 4608], norm range [nan, nan], n_pos=545, n_neg=545
2026-03-04 22:45:59,979 persona_steering INFO Computing vector for street_hustler/honesty...
2026-03-04 22:46:14,178 persona_steering INFO   Saved street_hustler_honesty.pt: shape [46, 4608], norm range [nan, nan], n_pos=525, n_neg=525
2026-03-04 22:46:14,179 persona_steering INFO Computing vector for street_hustler/impulsivity...
2026-03-04 22:46:39,582 persona_steering INFO   Saved street_hustler_impulsivity.pt: shape [46, 4608], norm range [nan, nan], n_pos=520, n_neg=520
2026-03-04 22:46:39,582 persona_steering INFO Computing vector for street_hustler/warmth...
2026-03-04 22:46:46,991 persona_steering INFO   Saved street_hustler_warmth.pt: shape [46, 4608], norm range [nan, nan], n_pos=545, n_neg=545
2026-03-04 22:46:46,992 persona_steering INFO Computing vector for street_hustler_risk/taking...
2026-03-04 22:46:52,488 persona_steering INFO   Saved street_hustler_risk_taking.pt: shape [46, 4608], norm range [nan, nan], n_pos=535, n_neg=535
2026-03-04 22:46:52,491 persona_steering INFO Computing vector for surgeon/assertiveness...
2026-03-04 22:47:03,578 persona_steering INFO   Saved surgeon_assertiveness.pt: shape [46, 4608], norm range [nan, nan], n_pos=525, n_neg=525
2026-03-04 22:47:03,578 persona_steering INFO Computing vector for surgeon/confidence...
2026-03-04 22:47:12,190 persona_steering INFO   Saved surgeon_confidence.pt: shape [46, 4608], norm range [nan, nan], n_pos=525, n_neg=525
2026-03-04 22:47:12,191 persona_steering INFO Computing vector for surgeon/deference...
2026-03-04 22:47:17,778 persona_steering INFO   Saved surgeon_deference.pt: shape [46, 4608], norm range [nan, nan], n_pos=525, n_neg=525
2026-03-04 22:47:17,781 persona_steering INFO Computing vector for surgeon/empathy...
2026-03-04 22:47:24,776 persona_steering INFO   Saved surgeon_empathy.pt: shape [46, 4608], norm range [nan, nan], n_pos=545, n_neg=545
2026-03-04 22:47:24,777 persona_steering INFO Computing vector for surgeon/honesty...
2026-03-04 22:47:30,383 persona_steering INFO   Saved surgeon_honesty.pt: shape [46, 4608], norm range [nan, nan], n_pos=525, n_neg=525
2026-03-04 22:47:30,386 persona_steering INFO Computing vector for surgeon/impulsivity...
2026-03-04 22:47:35,281 persona_steering INFO   Saved surgeon_impulsivity.pt: shape [46, 4608], norm range [nan, nan], n_pos=520, n_neg=520
2026-03-04 22:47:35,284 persona_steering INFO Computing vector for surgeon/warmth...
2026-03-04 22:47:41,092 persona_steering INFO   Saved surgeon_warmth.pt: shape [46, 4608], norm range [nan, nan], n_pos=545, n_neg=545
2026-03-04 22:47:41,092 persona_steering INFO Computing vector for surgeon_risk/taking...
2026-03-04 22:47:49,079 persona_steering INFO   Saved surgeon_risk_taking.pt: shape [46, 4608], norm range [nan, nan], n_pos=535, n_neg=535
2026-03-04 22:47:49,082 persona_steering INFO Computing vector for tech_ceo/assertiveness...
2026-03-04 22:47:56,293 persona_steering INFO   Saved tech_ceo_assertiveness.pt: shape [46, 4608], norm range [nan, nan], n_pos=525, n_neg=525
2026-03-04 22:47:56,294 persona_steering INFO Computing vector for tech_ceo/confidence...
